<?xml version="1.0" encoding="UTF-8"?>
<!-- Generated by org.testng.reporters.JUnitXMLReporter -->
<testsuite hostname="ip-172-31-8-189" ignored="0" name="Default test" tests="4" failures="0" timestamp="2021-02-25T08:15:51 UTC" time="3008.024" errors="0">
  <testcase name="LaunchChrome" time="2985.577" classname="test.CrossBrowser"/>
  <testcase name="Launchfirefox" time="16.947" classname="test.CrossBrowser"/>
  <testcase name="testcase1" time="1.834" classname="test.CrossBrowser"/>
  <testcase name="testcase2" time="3.586" classname="test.CrossBrowser"/>
</testsuite> <!-- Default test -->
